Arguments: 
  /Users/vanshulbhatia/.nvm/versions/node/v18.4.0/bin/node /Users/vanshulbhatia/.nvm/versions/node/v18.4.0/bin/yarn add @mikro-orm/cli @mikro-orm/core @mikro-orm/migrationsn @mikro-orm/postgresql pg

PATH: 
  /Users/vanshulbhatia/.nvm/versions/node/v18.4.0/bin:/Users/vanshulbhatia/go/bin:/usr/local/go/bin:/usr/local/mysql/bin:/opt/homebrew/bin:/opt/homebrew/sbin:/usr/local/bin:/usr/bin:/bin:/usr/sbin:/sbin:/usr/local/go/bin:/Users/vanshulbhatia/.nvm/versions/node/v18.4.0/bin:/Users/vanshulbhatia/go/bin:/usr/local/mysql/bin:/opt/homebrew/bin:/opt/homebrew/sbin

Yarn version: 
  1.22.19

Node version: 
  18.4.0

Platform: 
  darwin arm64

Trace: 
  Error: https://registry.yarnpkg.com/@mikro-orm%2fmigrationsn: Not found
      at params.callback [as _callback] (/Users/vanshulbhatia/.nvm/versions/node/v18.4.0/lib/node_modules/yarn/lib/cli.js:66145:18)
      at self.callback (/Users/vanshulbhatia/.nvm/versions/node/v18.4.0/lib/node_modules/yarn/lib/cli.js:140890:22)
      at Request.emit (node:events:537:28)
      at Request.<anonymous> (/Users/vanshulbhatia/.nvm/versions/node/v18.4.0/lib/node_modules/yarn/lib/cli.js:141862:10)
      at Request.emit (node:events:537:28)
      at IncomingMessage.<anonymous> (/Users/vanshulbhatia/.nvm/versions/node/v18.4.0/lib/node_modules/yarn/lib/cli.js:141784:12)
      at Object.onceWrapper (node:events:651:28)
      at IncomingMessage.emit (node:events:549:35)
      at endReadableNT (node:internal/streams/readable:1359:12)
      at process.processTicksAndRejections (node:internal/process/task_queues:82:21)

npm manifest: 
  {
    "name": "li-reddit-clone",
    "version": "1.0.0",
    "description": "",
    "main": "index.js",
    "scripts": {
      "watch": "tsc -w",
      "start": "nodemon dist/index.js"
    },
    "keywords": [],
    "author": "",
    "license": "ISC",
    "devDependencies": {
      "@types/node": "^18.0.6",
      "typescript": "^4.7.4"
    }
  }

yarn manifest: 
  No manifest

Lockfile: 
  # THIS IS AN AUTOGENERATED FILE. DO NOT EDIT THIS FILE DIRECTLY.
  # yarn lockfile v1
  
  
  "@types/node@^18.0.6":
    version "18.0.6"
    resolved "https://registry.yarnpkg.com/@types/node/-/node-18.0.6.tgz#0ba49ac517ad69abe7a1508bc9b3a5483df9d5d7"
    integrity sha512-/xUq6H2aQm261exT6iZTMifUySEt4GR5KX8eYyY+C4MSNPqSh9oNIP7tz2GLKTlFaiBbgZNxffoR3CVRG+cljw==
  
  typescript@^4.7.4:
    version "4.7.4"
    resolved "https://registry.yarnpkg.com/typescript/-/typescript-4.7.4.tgz#1a88596d1cf47d59507a1bcdfb5b9dfe4d488235"
    integrity sha512-C0WQT0gezHuw6AdY1M2jxUO83Rjf0HP7Sk1DtXj6j1EwkQNZrHAg2XPWlq62oqEhYvONq5pkC2Y9oPljWToLmQ==
